[0.059s] Invoking command in '/home/narayan/ros2_ws/build/my_interfaces': CMAKE_PREFIX_PATH=${CMAKE_PREFIX_PATH}:/home/narayan/ros2_ws/install/onepkg:/home/narayan/ros2_ws/install/TransNum:/opt/ros/jazzy DEBUGINFOD_URLS=https://debuginfod.ubuntu.com /usr/bin/cmake --build /home/narayan/ros2_ws/build/my_interfaces -- -j4 -l4
[0.209s] -- Found ament_cmake: 2.5.4 (/opt/ros/jazzy/share/ament_cmake/cmake)
[0.343s] -- Found Python3: /usr/bin/python3 (found version "3.12.3") found components: Interpreter 
[0.964s] -- Found rosidl_default_generators: 1.6.0 (/opt/ros/jazzy/share/rosidl_default_generators/cmake)
[0.979s] -- Using all available rosidl_typesupport_c: rosidl_typesupport_fastrtps_c;rosidl_typesupport_introspection_c
[1.185s] -- Using all available rosidl_typesupport_cpp: rosidl_typesupport_fastrtps_cpp;rosidl_typesupport_introspection_cpp
[1.301s] -- Found rosidl_adapter: 4.6.5 (/opt/ros/jazzy/share/rosidl_adapter/cmake)
[2.255s] [31mCMake Error at /opt/ros/jazzy/share/rosidl_adapter/cmake/rosidl_adapt_interfaces.cmake:57 (message):
[2.256s]   execute_process(/usr/bin/python3 -m rosidl_adapter --package-name
[2.256s]   my_interfaces --arguments-file
[2.257s]   /home/narayan/ros2_ws/build/my_interfaces/rosidl_adapter__arguments__my_interfaces.json
[2.257s]   --output-dir
[2.258s]   /home/narayan/ros2_ws/build/my_interfaces/rosidl_adapter/my_interfaces
[2.258s]   --output-file
[2.259s]   /home/narayan/ros2_ws/build/my_interfaces/rosidl_adapter/my_interfaces.idls)
[2.259s]   returned error code 1:
[2.259s] 
[2.260s]   Error processing 'float x' of 'my_interfaces/TurtleHead_Request': ''float'
[2.260s]   is an invalid message name.  It should have the pattern
[2.260s]   '^[A-Z][A-Za-z0-9]*$''
[2.261s] 
[2.261s]   Traceback (most recent call last):
[2.261s] 
[2.262s]     File "<frozen runpy>", line 198, in _run_module_as_main
[2.262s]     File "<frozen runpy>", line 88, in _run_code
[2.262s]     File "/opt/ros/jazzy/lib/python3.12/site-packages/rosidl_adapter/__main__.py", line 19, in <module>
[2.263s]       sys.exit(main())
[2.264s]                ^^^^^^
[2.264s]     File "/opt/ros/jazzy/lib/python3.12/site-packages/rosidl_adapter/main.py", line 53, in main
[2.264s]       abs_idl_file = convert_to_idl(
[2.265s]                      ^^^^^^^^^^^^^^^
[2.265s]     File "/opt/ros/jazzy/lib/python3.12/site-packages/rosidl_adapter/__init__.py", line 24, in convert_to_idl
[2.266s]       return convert_srv_to_idl(
[2.267s]              ^^^^^^^^^^^^^^^^^^^
[2.269s]     File "/opt/ros/jazzy/lib/python3.12/site-packages/rosidl_adapter/srv/__init__.py", line 28, in convert_srv_to_idl
[2.270s]       srv = parse_service_string(package_name, input_file.stem, content)
[2.271s]             ^^^^^^^^^^^^^^^^^^^^^^^^^^^^^^^^^^^^^^^^^^^^^^^^^^^^^^^^^^^^
[2.272s]     File "/opt/ros/jazzy/lib/python3.12/site-packages/rosidl_adapter/parser.py", line 860, in parse_service_string
[2.273s]       request_message = parse_message_string(
[2.273s]                         ^^^^^^^^^^^^^^^^^^^^^
[2.274s]     File "/opt/ros/jazzy/lib/python3.12/site-packages/rosidl_adapter/parser.py", line 521, in parse_message_string
[2.274s]       Type(type_string, context_package_name=pkg_name),
[2.274s]       ^^^^^^^^^^^^^^^^^^^^^^^^^^^^^^^^^^^^^^^^^^^^^^^^
[2.275s]     File "/opt/ros/jazzy/lib/python3.12/site-packages/rosidl_adapter/parser.py", line 278, in __init__
[2.275s]       super(Type, self).__init__(
[2.275s]     File "/opt/ros/jazzy/lib/python3.12/site-packages/rosidl_adapter/parser.py", line 206, in __init__
[2.276s]       raise InvalidResourceName(
[2.276s] 
[2.276s]   rosidl_adapter.parser.InvalidResourceName: 'float' is an invalid message
[2.277s]   name.  It should have the pattern '^[A-Z][A-Za-z0-9]*$'
[2.277s] 
[2.277s] Call Stack (most recent call first):
[2.278s]   /opt/ros/jazzy/share/rosidl_cmake/cmake/rosidl_generate_interfaces.cmake:132 (rosidl_adapt_interfaces)
[2.278s]   CMakeLists.txt:13 (rosidl_generate_interfaces)
[2.278s] 
[2.279s] [0m
[2.279s] -- Configuring incomplete, errors occurred!
[2.280s] gmake: *** [Makefile:1355: cmake_check_build_system] Error 1
[2.287s] Invoked command in '/home/narayan/ros2_ws/build/my_interfaces' returned '2': CMAKE_PREFIX_PATH=${CMAKE_PREFIX_PATH}:/home/narayan/ros2_ws/install/onepkg:/home/narayan/ros2_ws/install/TransNum:/opt/ros/jazzy DEBUGINFOD_URLS=https://debuginfod.ubuntu.com /usr/bin/cmake --build /home/narayan/ros2_ws/build/my_interfaces -- -j4 -l4
